[RUN #0 3 10]
-769 164 120
-672 -569 -382
360 -383 -624
-376 -510 204
-640 -847 -95
-155 -976 884
792 584 -590
747 335 -466
594 170 17
-965 251 -705
[RUN #1 3 10]
810 530 428
-411 657 778
117 -136 222
-749 -195 594
361 -419 -911
111 643 -918
-414 701 109
473 -914 740
425 419 -372
-575 677 -198
[RUN #2 3 10]
117 -309 -447
-676 -251 -362
21 -981 -743
582 -492 -620
951 -272 -555
868 -542 976
-358 -942 -221
901 170 -517
-893 569 -112
36 161 -374
[RUN #3 3 10]
-593 -492 -567
877 -128 91
716 -412 -884
-662 635 -483
-819 308 -19
-850 -18 964
-13 -28 847
-434 605 99
-869 -256 -185
692 -168 686
[RUN #4 3 10]
106 239 676
895 -911 -140
-824 200 741
-965 -693 -72
52 552 799
717 279 -737
-287 164 -970
-761 -851 58
-826 -463 28
16 964 -394
[RUN #5 3 10]
494 505 987
651 -759 -885
456 207 -83
667 50 -465
-127 -2 -459
-163 893 -699
598 642 -581
-888 -769 -19
748 599 -560
365 200 -406
[RUN #6 3 10]
342 577 -903
-417 -637 523
177 601 -717
-788 346 -964
-504 -971 -819
987 130 858
196 604 -705
605 -240 -911
-30 434 -252
-313 -428 -671
[RUN #7 3 10]
536 42 -909
548 916 462
-119 285 104
-240 740 905
-537 -349 71
332 972 655
898 -592 377
177 470 326
-870 319 -733
629 -971 200
[RUN #8 3 10]
-326 -139 827
-140 827 390
-345 -39 -517
350 -357 457
239 -336 -532
-95 -297 -24
-424 -114 -4
-555 787 -646
815 -916 -673
944 -454 -757
[RUN #9 3 10]
-417 511 38
43 -420 -367
764 -264 801
3 667 -906
-526 659 -262
-319 -904 -287
-662 131 415
804 -431 -318
656 741 406
362 -974 -677
[RUN #10 3 100]
-789 924 576
-299 -250 151
512 -716 -898
779 333 -224
-32 794 556
-804 -220 -757
94 249 877
646 777 -118
501 -215 711
-289 562 -730
-985 638 7
539 169 480
714 855 832
-561 615 -665
784 -65 891
-179 -507 361
-733 991 -549
210 470 -369
950 -637 742
162 -52 -363
467 -991 -441
329 -915 820
-705 842 945
295 -194 919
-618 957 -211
356 905 933
-749 -465 -654
759 -123 769
-28 710 -878
221 -932 -923
-952 261 -637
-101 193 266
276 387 -924
-77 -517 648
-87 520 260
312 845 950
367 530 847
-995 -478 -9
747 708 220
818 -796 -459
-757 -301 -758
928 -684 -752
579 541 -955
-648 -246 -460
-424 196 847
761 -901 823
-373 -869 -200
195 -933 557
-616 -346 -241
-313 971 -616
-38 187 -852
-708 692 627
222 -746 -355
780 -495 -919
339 546 -373
-999 547 660
855 276 -31
791 -588 -901
821 279 -42
-317 809 -706
-468 -576 242
121 801 183
471 445 653
-589 -175 -507
-143 112 175
-393 -700 349
-516 -135 161
91 621 -472
-231 -832 -696
-69 -890 -344
-479 614 452
156 947 -935
-353 853 -852
963 772 -79
-383 655 -106
827 830 -377
-906 533 25
532 543 951
-219 340 916
-565 -705 -421
-810 362 759
-328 -901 679
128 -409 -739
-129 352 389
-782 700 892
-216 -567 468
-307 491 784
-205 112 -925
-592 -556 -940
-545 820 -597
396 -332 434
574 -75 -586
-981 -54 -591
314 -405 773
-127 606 715
508 -428 -182
703 -902 -849
458 407 743
-593 -521 -844
-272 -621 261
[RUN #11 100 10]
995 -974 -218 459 -597 -175 -117 -729 -854 -958 761 941 468 777 -307 371 502 -426 541 156 693 186 959 -53 193 -867 -508 456 -6 520 -575 293 539 -245 99 -657 122 682 738 185 -383 -636 584 -180 140 506 -876 424 -316 -968 -266 -745 926 700 111 -938 660 390 -994 -665 724 -838 320 -126 167 276 -744 -763 -759 -808 -388 561 392 -615 759 190 -9 699 80 -989 818 -129 290 -109 480 -168 231 -570 -481 937 -296 -419 -551 -535 54 974 -891 780 40 691
-757 -866 412 -377 502 937 419 -888 326 270 -438 -518 -229 244 256 890 165 -946 -721 611 -248 -242 -194 293 -251 -226 -489 -416 318 -673 -228 -935 406 894 -138 68 -72 -865 -948 879 166 442 -448 -749 152 -760 513 556 282 -728 554 247 865 727 -378 626 321 356 457 -410 -275 -655 -983 399 370 864 -845 76 549 481 -942 61 -382 -968 386 -295 155 471 32 633 -16 290 -505 829 618 -476 430 220 857 916 -797 -360 -288 267 359 -785 -508 686 923 858
-863 -51 804 473 -570 449 702 -451 -723 -107 73 711 825 -335 796 480 57 -312 747 697 -782 114 368 510 -381 452 -68 685 -840 717 310 224 -921 982 524 309 -548 -520 28 507 166 44 950 627 196 -789 -4 512 -184 904 778 -615 86 -526 -841 -174 39 -791 -216 432 -982 355 776 803 -298 -973 744 434 -843 -169 63 743 -196 648 -581 -528 -706 534 692 -802 -538 523 567 -577 -701 67 -50 -733 464 435 112 649 646 -603 -675 609 -606 168 559 346
-691 668 -463 546 730 -364 -343 222 -61 20 -623 94 -171 -140 812 -737 732 -476 -709 492 300 -157 679 -469 -315 -36 -76 443 585 -731 228 235 -732 604 -164 -201 681 719 -222 559 -861 187 -502 -480 -938 382 -626 -196 -10 -55 -220 -815 754 -916 -330 -790 456 458 -153 864 -321 515 148 489 368 -624 165 545 147 861 -252 -995 416 -500 44 -234 742 277 298 257 -901 501 52 401 66 -233 422 942 419 227 -195 -468 -43 83 -179 -729 -937 627 823 -791
263 -476 21 703 405 -594 -696 -347 76 -500 220 -787 -657 282 -333 436 -354 514 -539 954 905 223 -978 753 968 537 528 210 38 768 -884 -222 54 118 134 -64 -670 758 671 -983 987 -255 -991 -113 945 -700 -75 -869 -166 -257 146 -714 -637 -529 -977 410 -58 -880 781 369 390 311 967 -395 -42 -168 -551 -815 -387 995 721 896 765 184 871 121 82 169 -828 68 299 -83 -656 -560 375 -839 958 -282 -825 658 -931 55 792 -713 -497 92 555 -231 -5 41
885 52 -424 36 -205 650 342 93 -708 413 528 -435 884 -104 53 42 407 4 -13 -166 -350 667 -963 656 635 125 -833 222 -25 -952 -652 -548 -348 404 -65 -260 482 -673 -159 -2 387 236 -394 -865 272 726 966 205 622 147 371 -869 351 -610 -485 420 -586 -83 -711 578 877 826 791 851 838 -85 -620 30 383 -116 -47 304 790 696 -851 123 246 -871 -901 -687 593 584 -956 89 757 -536 -374 849 498 -480 -991 68 -547 555 -492 883 -987 -772 162 -724
-102 138 -123 61 830 -574 702 -395 790 -553 -140 660 228 -905 -45 587 -414 812 -927 721 -426 34 248 -576 -846 201 834 -835 637 -882 -232 -621 -564 -603 784 -913 -700 -452 -142 -682 837 -667 -36 425 761 -812 59 -91 35 701 -512 -746 -449 545 -832 -938 430 559 370 676 -978 298 376 461 636 -795 -752 -727 407 -338 485 -983 265 -104 766 -810 655 311 -237 707 539 -366 403 -56 -455 150 259 -411 -327 878 -862 83 675 -220 534 -383 514 10 586 -615
-907 229 -778 -407 771 519 -408 -674 -705 423 -910 -435 896 -873 543 60 -593 -569 -214 855 -584 597 -579 -891 -876 780 736 138 512 -534 96 -649 213 332 -290 220 953 -65 -919 987 842 429 -52 555 691 156 -537 -430 601 395 -371 -470 -669 334 874 -260 891 -416 804 17 719 -175 158 -193 -991 -185 64 -157 -843 -627 694 -480 -405 749 -645 -275 -679 -817 490 47 -950 -26 41 0 -690 975 -151 378 557 -437 724 743 -819 -999 -570 721 1 -708 -108 579
30 -130 813 -509 260 491 -949 -713 -721 -516 -772 -5 -919 -562 610 -792 368 -240 601 -709 371 685 362 414 -30 318 -88 -742 -147 382 -374 615 -535 683 1 -397 340 -636 737 691 -175 107 171 -903 -732 -706 449 349 329 -895 -382 -73 396 -969 -799 -631 -253 -842 978 -553 596 889 -846 -72 98 948 305 -198 -871 726 -67 -352 -844 -798 937 -181 167 567 -595 -93 -341 -172 -937 -330 302 -873 -759 -686 -200 511 -559 458 752 584 523 44 -176 -59 -526 -260
-439 275 934 795 -680 -364 -829 -953 931 374 -958 239 -984 -559 378 -24 -978 107 -644 118 -275 590 -89 933 257 605 -50 -35 333 338 -479 951 -519 -553 -804 -659 577 879 -488 -557 948 765 917 -629 266 75 -820 129 -821 159 -221 -151 425 459 -176 846 -598 104 893 15 -646 145 -467 102 449 -756 -184 -258 -604 -14 947 677 -173 177 -283 -725 -792 336 905 258 936 663 712 -1 -335 -532 500 -154 -410 -947 -11 714 964 -812 -38 -81 414 -954 -421 285
